2024-07-22 16:30:56,856 [Worker-2: Loading available Gradle versions] INFO  o.e.b.c.i.u.g.PublishedGradleVersions - Gradle version information cache is up-to-date. Trying to read.
2024-07-22 16:40:49,174 [Worker-14: Creating project "EMS-backend"] INFO  o.e.m.c.i.l.LifecycleMappingFactory - Using org.eclipse.m2e.jdt.JarLifecycleMapping lifecycle mapping for MavenProject: ems:EMS-backend:0.0.1-SNAPSHOT @ C:\Users\chtan\Downloads\Wipro-Capstone\EMS-backend\pom.xml.
2024-07-22 16:40:49,940 [Worker-14: Creating project "EMS-backend"] INFO  o.e.m.j.i.AbstractJavaProjectConfigurator - Adding source folder /EMS-backend/src/main/java
2024-07-22 16:40:49,943 [Worker-14: Creating project "EMS-backend"] INFO  o.e.m.j.i.AbstractJavaProjectConfigurator - Adding resource folder /EMS-backend/src/main/resources
2024-07-22 16:40:49,945 [Worker-14: Creating project "EMS-backend"] INFO  o.e.m.j.i.AbstractJavaProjectConfigurator - Adding source folder /EMS-backend/src/test/java
2024-07-22 16:40:49,945 [Worker-14: Creating project "EMS-backend"] INFO  o.e.m.j.i.AbstractJavaProjectConfigurator - Adding resource folder /EMS-backend/src/test/resources
2024-07-22 16:40:50,867 [Worker-17: Building] WARN  o.a.m.s.f.DefaultMavenResourcesFiltering - Using platform encoding (UTF-8 actually) to copy filtered resources, i.e. build is platform dependent!
2024-07-22 16:40:50,874 [Worker-17: Building] INFO  o.a.m.s.f.DefaultMavenResourcesFiltering - Copying 0 resource from src\main\resources to target\classes
2024-07-22 16:40:50,878 [Worker-17: Building] WARN  o.a.m.s.f.DefaultMavenResourcesFiltering - Using platform encoding (UTF-8 actually) to copy filtered resources, i.e. build is platform dependent!
2024-07-22 16:40:50,879 [Worker-17: Building] INFO  o.a.m.s.f.DefaultMavenResourcesFiltering - Copying 0 resource from src\test\resources to target\test-classes
2024-07-22 17:06:04,422 [Worker-20: Building] WARN  o.a.m.s.f.DefaultMavenResourcesFiltering - Using platform encoding (UTF-8 actually) to copy filtered resources, i.e. build is platform dependent!
2024-07-22 17:06:04,445 [Worker-20: Building] INFO  o.a.m.s.f.DefaultMavenResourcesFiltering - Copying 0 resource from src\main\resources to target\classes
2024-07-22 17:06:04,451 [Worker-20: Building] WARN  o.a.m.s.f.DefaultMavenResourcesFiltering - Using platform encoding (UTF-8 actually) to copy filtered resources, i.e. build is platform dependent!
2024-07-22 17:06:04,455 [Worker-20: Building] INFO  o.a.m.s.f.DefaultMavenResourcesFiltering - Copying 0 resource from src\test\resources to target\test-classes
2024-07-22 17:11:06,502 [Worker-24: Building] WARN  o.a.m.s.f.DefaultMavenResourcesFiltering - Using platform encoding (UTF-8 actually) to copy filtered resources, i.e. build is platform dependent!
2024-07-22 17:11:06,517 [Worker-24: Building] INFO  o.a.m.s.f.DefaultMavenResourcesFiltering - Copying 0 resource from src\main\resources to target\classes
2024-07-22 17:11:06,526 [Worker-24: Building] WARN  o.a.m.s.f.DefaultMavenResourcesFiltering - Using platform encoding (UTF-8 actually) to copy filtered resources, i.e. build is platform dependent!
2024-07-22 17:11:06,529 [Worker-24: Building] INFO  o.a.m.s.f.DefaultMavenResourcesFiltering - Copying 0 resource from src\test\resources to target\test-classes
2024-07-22 17:41:42,144 [Worker-29: Building] WARN  o.a.m.s.f.DefaultMavenResourcesFiltering - Using platform encoding (UTF-8 actually) to copy filtered resources, i.e. build is platform dependent!
2024-07-22 17:41:42,155 [Worker-29: Building] INFO  o.a.m.s.f.DefaultMavenResourcesFiltering - Copying 0 resource from src\main\resources to target\classes
2024-07-22 17:41:42,159 [Worker-29: Building] WARN  o.a.m.s.f.DefaultMavenResourcesFiltering - Using platform encoding (UTF-8 actually) to copy filtered resources, i.e. build is platform dependent!
2024-07-22 17:41:42,161 [Worker-29: Building] INFO  o.a.m.s.f.DefaultMavenResourcesFiltering - Copying 0 resource from src\test\resources to target\test-classes
2024-07-22 17:43:06,179 [Worker-25: Building] INFO  o.e.m.c.i.l.LifecycleMappingFactory - Using org.eclipse.m2e.jdt.JarLifecycleMapping lifecycle mapping for MavenProject: ems:EMS-backend:0.0.1-SNAPSHOT @ C:\Users\chtan\Downloads\Wipro-Capstone\EMS-backend\pom.xml.
